<?xml version="1.0" encoding="UTF-8"?>
<!-- Generated by org.testng.reporters.JUnitReportReporter -->
<testsuite skipped="0" hostname="LAPTOP-S1LVCJIH" name="com.test.TC_01" tests="1" failures="0" timestamp="06 Jan 2019 05:15:27 GMT" time="14.240" errors="0">
  <testcase name="test" time="14.240" classname="com.test.TC_01"/>
</testsuite> <!-- com.test.TC_01 -->
